Collect GT surface samples... done.
Collect OURS surface samples... done.
Collect OURS surface samples... Ground Truth
[[ 0.289917   -0.145051    0.544354  ]
 [ 0.327738    0.00382485  0.50023   ]
 [ 0.472716    0.234344   -0.550797  ]
 [-0.390849   -0.0808256   0.610933  ]
 [-0.226961   -0.0284226  -0.407458  ]
 [ 0.0629953  -0.158233    0.544354  ]
 [ 0.346648   -0.141897    0.172454  ]
 [-0.444271    0.410839   -0.275087  ]
 [ 0.0251749  -0.124949   -0.556797  ]
 [-0.287293   -0.131253    0.601085  ]]
Ours
[[ 0.34834458 -0.06168503 -0.43252682]
 [ 0.35985948 -0.30925547  0.42491702]
 [ 0.30241215 -0.1135021  -0.43216485]
 [ 0.25046789  0.16604732 -0.46670956]
 [ 0.01441236  0.12815081 -0.48973937]
 [-0.28535239  0.0419491  -0.2709562 ]
 [-0.28489024  0.03619165 -0.24792639]
 [-0.00861745 -0.03471252  0.08024837]
 [-0.24467298  0.35285151  0.28369147]
 [-0.22716886  0.30103444 -0.33428817]]
Theirs
[[ 0.60563149 -0.01357213  0.17918988]
 [ 0.37032215  0.00496884 -0.50239579]
 [-0.47364841  0.44469615 -0.4537111 ]
 [-0.46556192  0.21750093  0.42261334]
 [ 0.62567484 -0.10706368 -0.15348884]
 [-0.22200825  0.20580829 -0.5105099 ]
 [-0.26183218 -0.18820483 -0.46182521]
 [ 0.51637623 -0.1798786  -0.16160295]
 [ 0.34597981 -0.2091912   0.4550698 ]
 [-0.12463887 -0.02591053  0.23598869]]
--------------------------------------------------------------------------------
FSCORE
Threshold(%)	1.0	2.0	5.0	10.0	20.0	
--------------------------------------------------------------------------------
OURS        	0.021	0.149	0.437	0.724	0.991	
THEIRS      	0.039	0.244	0.859	0.994	1.000	
--------------------------------------------------------------------------------
Our Distances:
Chamfer Distance      : 54.722064
Earth Mover's Distance: 360.435717
--------------------------------------------------------------------------------
Their Distances:
Chamfer Distance      : 11.003007
Earth Mover's Distance: 173.397741
--------------------------------------------------------------------------------
done.
Collect GT surface samples... done.
Collect OURS surface samples... done.
Collect OURS surface samples... Ground Truth
[[ 0.0781511  -0.0143538  -0.35441   ]
 [ 0.0188572   0.18496     0.0523194 ]
 [ 0.595806   -0.163009   -0.348247  ]
 [-0.00812476 -0.0121579   0.422073  ]
 [-0.125213   -0.248765    0.60695   ]
 [ 0.417092    0.0986845  -0.614103  ]
 [ 0.115127    0.302049   -0.54972   ]
 [ 0.0904763  -0.248765   -0.16337   ]
 [-0.38216     0.0863594   0.243359  ]
 [ 0.0411757   0.35135     0.632546  ]]
Ours
[[-0.17788854  0.2148421  -0.10872446]
 [-0.09698159  0.02853812 -0.07266562]
 [ 0.32701737 -0.03580121  0.27590311]
 [-0.20184553 -0.07773619 -0.16281271]
 [-0.1896069   0.22085191  0.21580505]
 [-0.20696361  0.31099899  0.41412864]
 [ 0.41508677 -0.16978546 -0.40921474]
 [ 0.29095854  0.05257735  0.4915042 ]
 [-0.29307691  0.29897938  0.46220708]
 [-0.26718624  0.09464599 -0.17483232]]
Theirs
[[-0.29836423  0.40508573 -0.69010805]
 [ 0.0988066  -0.28413184  0.68269406]
 [-0.34855506  0.37128396  0.35312677]
 [ 0.23401369 -0.04561894  0.56438785]
 [ 0.25091458 -0.0512382  -0.08565731]
 [ 0.11570749 -0.27448918  0.03200993]
 [-0.11591367  0.02481579 -0.39896267]
 [-0.20540935  0.4388875   0.17328923]
 [-0.32820339 -0.22024706  0.40382943]
 [-0.04485093  0.12416315 -0.62712463]]
--------------------------------------------------------------------------------
FSCORE
Threshold(%)	1.0	2.0	5.0	10.0	20.0	
--------------------------------------------------------------------------------
OURS        	0.010	0.097	0.411	0.745	0.993	
THEIRS      	0.020	0.120	0.798	0.980	0.997	
--------------------------------------------------------------------------------
Our Distances:
Chamfer Distance      : 48.197898
Earth Mover's Distance: 341.690905
--------------------------------------------------------------------------------
Their Distances:
Chamfer Distance      : 16.477152
Earth Mover's Distance: 198.961707
--------------------------------------------------------------------------------
done.
Collect GT surface samples... done.
Collect OURS surface samples... done.
Collect OURS surface samples... Ground Truth
[[-3.29470e-01 -1.53194e-04  3.57942e-01]
 [-2.60866e-01  4.03855e-01  1.96338e-01]
 [ 9.53511e-03 -1.25915e-01  4.44959e-01]
 [ 1.61147e-01 -3.74463e-02 -3.07119e-01]
 [ 4.50837e-01  1.22778e-02  4.67575e-01]
 [-7.02030e-02 -7.47394e-02 -5.84979e-02]
 [-4.87825e-01  4.66010e-01 -2.55827e-03]
 [ 2.39509e-01 -1.86619e-01  4.64041e-01]
 [ 5.41799e-01 -6.85239e-02  2.95786e-01]
 [-2.52793e-01 -6.03058e-01  4.51174e-01]]
Ours
[[ 0.29155869 -0.24451853 -0.30889289]
 [-0.26371552  0.28034459  0.14839175]
 [ 0.36232894  0.07423232 -0.28167357]
 [ 0.26978324  0.07811691  0.33892702]
 [ 0.09557956 -0.11850804  0.06128992]
 [-0.22560846 -0.32848088  0.32803929]
 [-0.05684865 -0.13639204  0.15927948]
 [-0.10039957 -0.21813591  0.0014074 ]
 [-0.2788705  -0.00770679  0.01229513]
 [-0.2963787   0.05217572 -0.11200681]]
Theirs
[[-0.01353117  0.22919588 -0.44199396]
 [ 0.43025044 -0.2438625   0.34435592]
 [ 0.07989654 -0.05889597  0.10300101]
 [ 0.54124383 -0.16629861  0.4144267 ]
 [-0.06803067  0.20741222  0.47111698]
 [-0.29381429 -0.13515604 -0.46399724]
 [-0.28602865 -0.35315402  0.41963808]
 [ 0.54779987 -0.23636939 -0.08385441]
 [ 0.48348035 -0.04951397 -0.30963804]
 [-0.27824301  0.42586346 -0.06049748]]
--------------------------------------------------------------------------------
FSCORE
Threshold(%)	1.0	2.0	5.0	10.0	20.0	
--------------------------------------------------------------------------------
OURS        	0.018	0.107	0.431	0.734	0.981	
THEIRS      	0.153	0.606	0.998	1.000	1.000	
--------------------------------------------------------------------------------
Our Distances:
Chamfer Distance      : 53.209748
Earth Mover's Distance: 383.234589
--------------------------------------------------------------------------------
Their Distances:
Chamfer Distance      : 3.350498
Earth Mover's Distance: 109.636070
--------------------------------------------------------------------------------
done.
Collect GT surface samples... done.
Collect OURS surface samples... done.
Collect OURS surface samples... Ground Truth
[[-0.258447   0.523832  -0.0659459]
 [-0.169951   0.505557   0.358813 ]
 [ 0.256473  -0.416736   0.177725 ]
 [ 0.183372   0.179748  -0.547195 ]
 [-0.0846659  0.382427   0.457946 ]
 [ 0.0493528 -0.213271  -0.539046 ]
 [-0.470324   0.48119   -0.0781294]
 [-0.275758   0.590842  -0.407085 ]
 [-0.0115648 -0.0975274 -0.539046 ]
 [ 0.690865  -0.17672    0.202092 ]]
Ours
[[-0.12897518 -0.08356832  0.40150491]
 [ 0.4188708  -0.08818794  0.40150491]
 [ 0.10467649 -0.11044048 -0.40001735]
 [-0.35706373 -0.049246   -0.14975105]
 [-0.36262686  0.45410372 -0.24381877]
 [-0.3742243   0.3290472   0.2568634 ]
 [ 0.2159392  -0.3135733   0.22904772]
 [ 0.19924979  0.01802877 -0.20487682]
 [-0.27513564  0.46812558  0.19010578]
 [-0.31812178 -0.32008852  0.13447442]]
Theirs
[[ 0.46007968 -0.37301981  0.55913219]
 [-0.44012009 -0.39494194  0.07259675]
 [-0.26780745  0.49965547  0.23739101]
 [-0.48375235 -0.04181138 -0.35115992]
 [ 0.16188054  0.02881473  0.57567435]
 [-0.49125728 -0.24584237  0.30016978]
 [-0.4844957   0.11513553 -0.27268646]
 [-0.29326551  0.09159349 -0.57590031]
 [-0.21569642  0.28777714  0.15107021]
 [ 0.03632301 -0.35892652  0.57482688]]
--------------------------------------------------------------------------------
FSCORE
Threshold(%)	1.0	2.0	5.0	10.0	20.0	
--------------------------------------------------------------------------------
OURS        	0.005	0.043	0.217	0.660	0.986	
THEIRS      	0.028	0.171	0.819	0.977	1.000	
--------------------------------------------------------------------------------
Our Distances:
Chamfer Distance      : 70.385817
Earth Mover's Distance: 384.045782
--------------------------------------------------------------------------------
Their Distances:
Chamfer Distance      : 15.055574
Earth Mover's Distance: 227.636896
--------------------------------------------------------------------------------
done.
Collect GT surface samples... done.
Collect OURS surface samples... done.
Collect OURS surface samples... Ground Truth
[[-0.0526301  0.0447903  0.0279969]
 [-0.334624   0.214879  -0.408585 ]
 [ 0.453492  -0.242432   0.107375 ]
 [ 0.101958  -0.242432   0.192424 ]
 [-0.192876  -0.242432   0.124385 ]
 [-0.0284495 -0.242432   0.441899 ]
 [ 0.651657  -0.136646  -0.544663 ]
 [-0.286862   0.453023  -0.306527 ]
 [-0.147517   0.248907  -0.556533 ]
 [-0.324703   0.129839  -0.408585 ]]
Ours
[[-0.19904182 -0.08552922  0.34359933]
 [-0.07856265  0.06974075 -0.38432018]
 [ 0.34163184 -0.15781673  0.19397985]
 [ 0.39130612 -0.23010423  0.44827956]
 [-0.34577462 -0.2060084  -0.17348163]
 [ 0.39130612 -0.19396048  0.44756791]
 [-0.37516788  0.05302182  0.10362047]
 [-0.29951089  0.21566871  0.07350067]
 [ 0.19251549 -0.3684179   0.27831527]
 [-0.31349703 -0.37234479  0.30843506]]
Theirs
[[-0.4142141   0.26785627 -0.21580951]
 [ 0.58842175 -0.28754577 -0.53949393]
 [-0.38554416  0.155166   -0.51067567]
 [-0.32114972  0.49746298 -0.15946437]
 [-0.19271875  0.1471167   0.48448003]
 [ 0.52402731 -0.45658118  0.4881143 ]
 [-0.37749485  0.61397639 -0.53093622]
 [-0.47486047  0.62202569  0.35569115]
 [ 0.61435427 -0.10241176 -0.06287271]
 [ 0.44353426 -0.02191871  0.48429412]]
--------------------------------------------------------------------------------
FSCORE
Threshold(%)	1.0	2.0	5.0	10.0	20.0	
--------------------------------------------------------------------------------
OURS        	0.015	0.078	0.337	0.730	0.972	
THEIRS      	0.036	0.187	0.709	0.987	1.000	
--------------------------------------------------------------------------------
Our Distances:
Chamfer Distance      : 64.075178
Earth Mover's Distance: 434.315693
--------------------------------------------------------------------------------
Their Distances:
Chamfer Distance      : 16.616756
Earth Mover's Distance: 182.095179
--------------------------------------------------------------------------------
done.
Collect GT surface samples... done.
Collect OURS surface samples... done.
Collect OURS surface samples... Ground Truth
[[ 0.372834  -0.162953   0.408151 ]
 [-0.253739  -0.0940988  0.319259 ]
 [-0.282699   0.243287  -0.0531001]
 [ 0.0492196 -0.0665571 -0.323906 ]
 [ 0.324636  -0.115677  -0.486881 ]
 [ 0.0285633 -0.30705    0.160348 ]
 [ 0.186928  -0.346099  -0.29409  ]
 [ 0.551855  -0.189822   0.146577 ]
 [ 0.580933  -0.582964   0.435765 ]
 [-0.491108   0.332797  -0.349173 ]]
Ours
[[ 0.45889545 -0.16469361  0.00575149]
 [ 0.03156389 -0.29919457 -0.16354758]
 [ 0.24036607 -0.21548333 -0.31351525]
 [-0.20589351  0.07232508 -0.2199806 ]
 [-0.08694546 -0.31093313  0.13554744]
 [-0.02963818 -0.17598021 -0.2143373 ]
 [ 0.22035329 -0.18726682  0.3104898 ]
 [ 0.42659504 -0.17598021  0.29188565]
 [ 0.00899068 -0.30090631  0.18069385]
 [-0.03051244 -0.30880091 -0.04503823]]
Theirs
[[-0.02996702 -0.03711114  0.32275472]
 [-0.48968037  0.532976    0.45831677]
 [-0.49477773  0.42000762 -0.2571496 ]
 [ 0.62524955 -0.20606487  0.02150572]
 [ 0.51228117 -0.06030547 -0.32493063]
 [ 0.06040768 -0.18279156  0.05916184]
 [ 0.63332508 -0.12224057  0.26250492]
 [-0.15046662 -0.66448877 -0.39075091]
 [-0.18812275 -0.08458445  0.38580563]
 [ 0.3691879  -0.12985966 -0.03874408]]
--------------------------------------------------------------------------------
FSCORE
Threshold(%)	1.0	2.0	5.0	10.0	20.0	
--------------------------------------------------------------------------------
OURS        	0.043	0.175	0.568	0.822	0.970	
THEIRS      	0.038	0.272	0.948	1.000	1.000	
--------------------------------------------------------------------------------
Our Distances:
Chamfer Distance      : 49.030701
Earth Mover's Distance: 363.675186
--------------------------------------------------------------------------------
Their Distances:
Chamfer Distance      : 7.602693
Earth Mover's Distance: 190.289374
--------------------------------------------------------------------------------
done.
Collect GT surface samples... done.
Collect OURS surface samples... done.
Collect OURS surface samples... Ground Truth
[[-0.277494    0.0869065  -0.159404  ]
 [-0.527708   -0.206061   -0.0398257 ]
 [-0.471854    0.230401    0.277057  ]
 [ 0.419762    0.397811   -0.467864  ]
 [-0.426591    0.00918049 -0.195278  ]
 [ 0.186584    0.272253   -0.623096  ]
 [-0.502437    0.379874    0.0976896 ]
 [-0.411911   -0.0625666  -0.165383  ]
 [-0.23194     0.219567   -0.440414  ]
 [-0.532297    0.475537   -0.524119  ]]
Ours
[[-2.51333329e-01  3.06136477e-01  3.47788272e-01]
 [-2.73957842e-01  3.62258520e-01 -8.20774798e-02]
 [-3.64004527e-02  2.63032499e-01  3.36476015e-01]
 [-1.43866891e-01 -2.55336487e-01  1.10230883e-01]
 [ 4.62504722e-01  1.67265134e-02  4.21317940e-01]
 [ 1.05002755e-01  2.86145058e-01 -4.44069692e-01]
 [-1.60835276e-01  7.83645751e-02  2.74258604e-01]
 [-9.29617358e-02  1.92066491e-01  3.32570698e-01]
 [-1.55179147e-01 -2.41871493e-04  3.10341048e-02]
 [ 3.25591759e-01  1.52473593e-01 -3.33598262e-01]]
Theirs
[[ 0.12680171  0.09423613  0.62390951]
 [-0.23895636  0.26717739 -0.2049946 ]
 [ 0.41765747  0.10680473  0.09372212]
 [ 0.4569623  -0.27003558 -0.36221393]
 [ 0.05605301  0.48728444  0.62197948]
 [-0.18763694 -0.2668065   0.08586115]
 [ 0.41765747 -0.60990365 -0.01633141]
 [-0.17191501  0.11267712  0.18805371]
 [ 0.60621528 -0.17303673  0.03083439]
 [-0.55423309  0.29076029 -0.57446002]]
--------------------------------------------------------------------------------
FSCORE
Threshold(%)	1.0	2.0	5.0	10.0	20.0	
--------------------------------------------------------------------------------
OURS        	0.012	0.058	0.329	0.614	0.969	
THEIRS      	0.030	0.195	0.797	0.954	0.995	
--------------------------------------------------------------------------------
Our Distances:
Chamfer Distance      : 71.957533
Earth Mover's Distance: 393.711408
--------------------------------------------------------------------------------
Their Distances:
Chamfer Distance      : 19.473035
Earth Mover's Distance: 216.457866
--------------------------------------------------------------------------------
done.
