Collect GT surface samples... done.
Collect OURS surface samples... trimesh_load: ./obj_cleaned/localonly/chair_ours_normalized_0100.obj
start sample surface of  222376
end sample surface
centroid, m [-0.00143046 -0.03518415  0.00911238] 0.5917634076222058
export_mesh obj_cleaned/localonly/chair_final_0100.obj
done.
Collect THEIRS surface samples... Ground Truth
[[ 0.472716   0.249469   0.632602 ]
 [ 0.252097   0.221737   0.542715 ]
 [-0.431354   0.322592   0.046386 ]
 [-0.0443907 -0.0177916 -0.483099 ]
 [-0.287293   0.0641525 -0.590257 ]
 [-0.519626   0.215434  -0.18684  ]
 [-0.208051   0.234344   0.542715 ]
 [-0.145017  -0.170458   0.493927 ]
 [ 0.57157   -0.257321  -0.571347 ]
 [-0.39702   -0.194287  -0.0670751]]
Ours
[[-0.44385612  0.21896885 -0.24839288]
 [ 0.10534109  0.19515074 -0.69761946]
 [ 0.28000725 -0.01304738 -0.4071803 ]
 [ 0.54200648  0.2586657  -0.62133653]
 [-0.43908214  0.06812081  0.23590873]
 [-0.38689989 -0.22124138 -0.44687715]
 [-0.22811248  0.22690822 -0.64688203]
 [ 0.47055214 -0.05890913 -0.53179472]
 [-0.4662936   0.41739045  0.48996859]
 [-0.25898684  0.29836255  0.02948509]]
Theirs
[[ 0.40277861 -0.00728531  0.41449922]
 [-0.47748135  0.18504447  0.46318391]
 [ 0.37547003  0.02276217  0.56055329]
 [ 0.36234377  0.12013155  0.48752626]
 [ 0.53755273  0.19315858  0.48752626]
 [ 0.49203388  0.01464805  0.57274504]
 [-0.36934243 -0.02592252 -0.38879818]
 [ 0.5569468  -0.02372969 -0.52673813]
 [-0.42486113  0.07144686 -0.38006158]
 [ 0.4514633  -0.2415962   0.43884157]]
--------------------------------------------------------------------------------
FSCORE
Threshold(%)	1.0	2.0	5.0	10.0	20.0	
--------------------------------------------------------------------------------
OURS        	0.031	0.203	0.891	0.997	1.000	
THEIRS      	0.029	0.221	0.836	0.993	1.000	
--------------------------------------------------------------------------------
Our Distances:
Chamfer Distance      : 9.563048
Earth Mover's Distance: 166.746471
--------------------------------------------------------------------------------
Their Distances:
Chamfer Distance      : 11.249571
Earth Mover's Distance: 183.089258
--------------------------------------------------------------------------------
OURS shape
(111188, 3)
(222376, 3)
HTML Rendering: OURS_LOCALONLY_0100
done.
Collect GT surface samples... done.
Collect OURS surface samples... trimesh_load: ./obj_cleaned/localonly/chair_ours_normalized_0201.obj
start sample surface of  223900
end sample surface
centroid, m [-0.08170627  0.08662281  0.01852273] 0.7994699286338451
export_mesh obj_cleaned/localonly/chair_final_0201.obj
done.
Collect THEIRS surface samples... Ground Truth
[[ 0.478718  -0.0103764  0.489861 ]
 [-0.106726   0.11101   -0.273319 ]
 [-0.38216    0.092522   0.434398 ]
 [-0.316253  -0.248765  -0.280459 ]
 [ 0.287678   0.123335   0.568161 ]
 [ 0.540343  -0.248765  -0.372897 ]
 [-0.180677  -0.248765   0.0153441]
 [ 0.0535009  0.0308963 -0.436224 ]
 [-0.199164  -0.0368919  0.632546 ]
 [ 0.528018   0.0986845 -0.614103 ]]
Ours
[[-0.13658665 -0.07194893 -0.53321966]
 [ 0.03556011 -0.26247819  0.64833308]
 [-0.18353577  0.02289677  0.28056501]
 [-0.33220796  0.37752693  0.63268338]
 [ 0.36420391 -0.08134671 -0.59713657]
 [ 0.51287611 -0.28544938 -0.55669421]
 [-0.15223636 -0.23001891 -0.60728985]
 [ 0.29378024  0.07128395  0.64050823]
 [-0.16431469 -0.02657275 -0.00112968]
 [-0.09746239 -0.27751801  0.62485852]]
Theirs
[[-3.40616442e-01  5.37676435e-01  2.17919683e-01]
 [-8.71031476e-02  8.39688916e-02 -3.25603443e-01]
 [-3.29153587e-01 -5.35539820e-04 -3.39809564e-01]
 [-3.48555417e-01  2.52977754e-01 -1.03197156e-01]
 [ 5.12878316e-01 -6.45218714e-02 -6.93953834e-02]
 [-3.12671741e-01 -2.79400164e-01  3.44676331e-01]
 [ 9.03561584e-02 -1.74364261e-02 -6.97116047e-01]
 [-3.31023704e-01 -1.10391301e-01  1.51090480e-02]
 [ 3.01617237e-01 -2.75452047e-01 -2.13052917e-01]
 [-2.56112010e-01  5.30482635e-01 -1.11647599e-01]]
--------------------------------------------------------------------------------
FSCORE
Threshold(%)	1.0	2.0	5.0	10.0	20.0	
--------------------------------------------------------------------------------
OURS        	0.013	0.129	0.753	0.968	0.999	
THEIRS      	0.021	0.109	0.770	0.973	0.998	
--------------------------------------------------------------------------------
Our Distances:
Chamfer Distance      : 16.072086
Earth Mover's Distance: 186.808218
--------------------------------------------------------------------------------
Their Distances:
Chamfer Distance      : 15.828496
Earth Mover's Distance: 197.641875
--------------------------------------------------------------------------------
OURS shape
(111904, 3)
(223900, 3)
HTML Rendering: OURS_LOCALONLY_0201
done.
Collect GT surface samples... done.
Collect OURS surface samples... trimesh_load: ./obj_cleaned/localonly/chair_ours_normalized_0300.obj
start sample surface of  189320
end sample surface
centroid, m [ 0.03957655  0.01716113 -0.0609755 ] 0.6335152115484305
export_mesh obj_cleaned/localonly/chair_final_0300.obj
done.
Collect THEIRS surface samples... Ground Truth
[[ 0.475699  -0.217696  -0.472202 ]
 [ 0.560392  -0.186619   0.15283  ]
 [-0.363396   0.133469  -0.226317 ]
 [-0.30467   -0.180403   0.196338 ]
 [-0.219067  -0.429024  -0.450075 ]
 [-0.208008  -0.242558  -0.467603 ]
 [-0.0899131 -0.147264   0.395235 ]
 [-0.512568   0.525339   0.382804 ]
 [-0.164499   0.205058  -0.282256 ]
 [ 0.363819   0.242252   0.481594 ]]
Ours
[[ 0.52857512 -0.25423076 -0.37634975]
 [ 0.04330599 -0.0793564   0.09550628]
 [-0.38034166  0.42360549  0.41126815]
 [-0.33759768  0.10009273  0.14942507]
 [ 0.52857512 -0.07640425 -0.18179037]
 [-0.24939602 -0.67616838  0.41131635]
 [-0.34953092  0.14787511  0.40361366]
 [-0.24169334 -0.36206835  0.40629773]
 [-0.13807379  0.10009273 -0.22030379]
 [ 0.52857512 -0.5433835  -0.4667897 ]]
Theirs
[[-0.1347375   0.08284195  0.28985642]
 [-0.15367273 -0.22858375 -0.46228557]
 [-0.38639372  0.21519787  0.38328413]
 [-0.4417415   0.62729467  0.39106977]
 [ 0.49253558 -0.28308324  0.39197505]
 [-0.14091882  0.1295558   0.13414358]
 [ 0.19668117  0.22098802 -0.3952801 ]
 [-0.11928775 -0.04951397  0.33657028]
 [-0.41249381  0.277483   -0.32520932]
 [ 0.29010888 -0.24043149 -0.34078061]]
--------------------------------------------------------------------------------
FSCORE
Threshold(%)	1.0	2.0	5.0	10.0	20.0	
--------------------------------------------------------------------------------
OURS        	0.078	0.417	0.996	1.000	1.000	
THEIRS      	0.123	0.557	0.997	1.000	1.000	
--------------------------------------------------------------------------------
Our Distances:
Chamfer Distance      : 4.408847
Earth Mover's Distance: 126.124290
--------------------------------------------------------------------------------
Their Distances:
Chamfer Distance      : 3.415970
Earth Mover's Distance: 107.788752
--------------------------------------------------------------------------------
OURS shape
(94658, 3)
(189320, 3)
HTML Rendering: OURS_LOCALONLY_0300
done.
Collect GT surface samples... done.
Collect OURS surface samples... trimesh_load: ./obj_cleaned/localonly/chair_ours_normalized_0400.obj
start sample surface of  275320
end sample surface
centroid, m [ 0.00629523  0.04627937 -0.04894898] 0.7137385889347891
export_mesh obj_cleaned/localonly/chair_final_0400.obj
done.
Collect THEIRS surface samples... Ground Truth
[[-0.0785742  -0.416736   -0.52892   ]
 [-0.0298401   0.0791337   0.379525  ]
 [-0.470324    0.420272   -0.157322  ]
 [-0.470324    0.0913172  -0.0659459 ]
 [ 0.378308    0.164418   -0.388576  ]
 [-0.470324    0.121776   -0.00502825]
 [-0.0907577   0.0182161   0.540649  ]
 [-0.102941    0.150589   -0.309616  ]
 [-0.218685    0.182694    0.305314  ]
 [-0.431896    0.671004   -0.510644  ]]
Ours
[[-0.38251207  0.6671288   0.08687804]
 [-0.12610007 -0.40417687  0.44253882]
 [-0.4386022  -0.39773656 -0.07829807]
 [ 0.54698145  0.18635629  0.43331756]
 [-0.12733099  0.05013741  0.09798518]
 [-0.08603569  0.09821466  0.57026853]
 [-0.5347567   0.37065242  0.5172578 ]
 [ 0.4668527   0.31456229  0.46662404]
 [-0.51807019 -0.28640335 -0.43887745]
 [ 0.4348012  -0.15819734  0.57344358]]
Theirs
[[-0.17758494  0.23284572 -0.17851831]
 [ 0.28743807 -0.41374532 -0.16282362]
 [ 0.60917925 -0.38662737  0.33940651]
 [ 0.43264681  0.35840325 -0.52380153]
 [-0.52585534  0.46826609  0.33940651]
 [ 0.39730091 -0.40280268 -0.14712893]
 [ 0.53855314  0.15400063  0.19030694]
 [ 0.64413801 -0.34001052 -0.26483912]
 [-0.26797213  0.43687671  0.0647494 ]
 [ 0.09125443  0.21715103  0.58190926]]
--------------------------------------------------------------------------------
FSCORE
Threshold(%)	1.0	2.0	5.0	10.0	20.0	
--------------------------------------------------------------------------------
OURS        	0.014	0.141	0.756	0.994	1.000	
THEIRS      	0.022	0.150	0.794	0.976	1.000	
--------------------------------------------------------------------------------
Our Distances:
Chamfer Distance      : 12.849093
Earth Mover's Distance: 217.583941
--------------------------------------------------------------------------------
Their Distances:
Chamfer Distance      : 14.474255
Earth Mover's Distance: 239.516043
--------------------------------------------------------------------------------
OURS shape
(137662, 3)
(275320, 3)
HTML Rendering: OURS_LOCALONLY_0400
done.
Collect GT surface samples... done.
Collect OURS surface samples... trimesh_load: ./obj_cleaned/localonly/chair_ours_normalized_0500.obj
start sample surface of  204196
end sample surface
centroid, m [ 0.04319287  0.03284253 -0.0676525 ] 0.727735555845168
export_mesh obj_cleaned/localonly/chair_final_0500.obj
done.
Collect THEIRS surface samples... Ground Truth
[[-0.286862   0.453023  -0.329207 ]
 [-0.218926   0.305606  -0.470954 ]
 [-0.30552   -0.0345882 -0.181789 ]
 [ 0.54988    0.0391204  0.555828 ]
 [-0.0844095 -0.0119086  0.436229 ]
 [-0.0114398 -0.242432  -0.470954 ]
 [-0.261099   0.231897   0.345511 ]
 [-0.333002   0.260246  -0.510643 ]
 [-0.232566  -0.0129972  0.40221  ]
 [ 0.578229  -0.0223623  0.101706 ]]
Ours
[[ 0.30406409 -0.26899633 -0.39789544]
 [ 0.5185068  -0.28809706  0.06924111]
 [ 0.62648106 -0.07501723  0.0364596 ]
 [-0.20404935  0.15445336  0.47737087]
 [ 0.18113342 -0.28845975 -0.21759713]
 [-0.18159406 -0.00945421  0.29051632]
 [ 0.62417703 -0.04223572  0.02826422]
 [-0.37953398 -0.01764958  0.06924111]
 [-0.20404935 -0.28452852  0.06924111]
 [ 0.09917964 -0.00415036  0.12660875]]
Theirs
[[-0.2057022   0.03442643  0.21080366]
 [-0.44725723  0.48518751  0.45228281]
 [ 0.51448038 -0.37608813 -0.5216831 ]
 [-0.21650875  0.08490914  0.18665574]
 [ 0.45963287 -0.02766996 -0.11921785]
 [-0.47781174  0.6381243   0.26714879]
 [-0.01527613 -0.04475729 -0.0387248 ]
 [-0.40857496  0.22760975 -0.42509144]
 [ 0.15375928 -0.08631315 -0.52263105]
 [-0.32114972  0.34834932  0.53958866]]
--------------------------------------------------------------------------------
FSCORE
Threshold(%)	1.0	2.0	5.0	10.0	20.0	
--------------------------------------------------------------------------------
OURS        	0.019	0.120	0.681	0.961	1.000	
THEIRS      	0.022	0.141	0.636	0.983	1.000	
--------------------------------------------------------------------------------
Our Distances:
Chamfer Distance      : 16.209325
Earth Mover's Distance: 194.829739
--------------------------------------------------------------------------------
Their Distances:
Chamfer Distance      : 16.206459
Earth Mover's Distance: 176.791624
--------------------------------------------------------------------------------
OURS shape
(102094, 3)
(204196, 3)
HTML Rendering: OURS_LOCALONLY_0500
done.
Collect GT surface samples... done.
Collect OURS surface samples... trimesh_load: ./obj_cleaned/localonly/chair_ours_normalized_0550.obj
start sample surface of  189304
end sample surface
centroid, m [ 0.13055319  0.19950436 -0.19396982] 0.7536537709387432
export_mesh obj_cleaned/localonly/chair_final_0550.obj
done.
Collect THEIRS surface samples... Ground Truth
[[-0.43276     0.599909    0.167233  ]
 [-0.508499    0.658083    0.00198329]
 [ 0.13873     0.153776    0.501993  ]
 [-0.332434    0.0229533   0.229202  ]
 [-0.501099    0.380995    0.229202  ]
 [-0.231971    0.188203    0.215431  ]
 [-0.0884888  -0.176724    0.394201  ]
 [ 0.531199   -0.548536    0.432104  ]
 [-0.299015   -0.0596717   0.18789   ]
 [-0.473809    0.656412    0.132806  ]]
Ours
[[ 0.40529391 -0.1709255   0.49444654]
 [ 0.46567884 -0.20137514  0.49007315]
 [ 0.47430526 -0.35960876  0.10188428]
 [ 0.62958081 -0.33562729 -0.07927053]
 [ 0.09474281 -0.4170903  -0.26042534]
 [-0.29413576  0.28627473  0.2916655 ]
 [-0.45845982  0.62270509  0.43831463]
 [-0.64052738  0.61407867  0.21402773]
 [-0.15542335  0.02744291 -0.47608582]
 [ 0.2672712  -0.3884244   0.16226921]]
Theirs
[[ 0.5800622  -0.17495915 -0.39787395]
 [ 0.58759342 -0.08643573  0.09681797]
 [-0.3538097   0.11660292 -0.20443103]
 [-0.04883249 -0.45361447  0.32275472]
 [ 0.59512465 -0.19549361 -0.30986818]
 [-0.33044385  0.0811025  -0.2571496 ]
 [-0.12227393 -0.02433465 -0.02368163]
 [ 0.5196875  -0.22767772  0.30016104]
 [-0.04502947 -0.35602241  0.24744247]
 [ 0.54240607 -0.06196742 -0.27974328]]
--------------------------------------------------------------------------------
FSCORE
Threshold(%)	1.0	2.0	5.0	10.0	20.0	
--------------------------------------------------------------------------------
OURS        	0.065	0.287	0.763	0.979	0.998	
THEIRS      	0.054	0.315	0.963	1.000	1.000	
--------------------------------------------------------------------------------
Our Distances:
Chamfer Distance      : 17.968319
Earth Mover's Distance: 176.870361
--------------------------------------------------------------------------------
Their Distances:
Chamfer Distance      : 7.385758
Earth Mover's Distance: 131.352520
--------------------------------------------------------------------------------
OURS shape
(94654, 3)
(189304, 3)
HTML Rendering: OURS_LOCALONLY_0550
done.
Collect GT surface samples... done.
Collect OURS surface samples... trimesh_load: ./obj_cleaned/localonly/chair_ours_normalized_1150.obj
start sample surface of  295108
end sample surface
centroid, m [-0.01064227  0.02073755  0.00510084] 0.6602488499624581
export_mesh obj_cleaned/localonly/chair_final_1150.obj
done.
Collect THEIRS surface samples... Ground Truth
[[-0.518929   -0.196158   -0.0637414 ]
 [-0.107758    0.200506   -0.273004  ]
 [-0.0824673  -0.337597    0.00644965]
 [ 0.234416    0.188548    0.473335  ]
 [ 0.0490691  -0.31114     0.163458  ]
 [-0.285751   -0.61974     0.00202682]
 [-0.104976    0.188548   -0.261046  ]
 [ 0.055048   -0.619777    0.402615  ]
 [-0.441203   -0.00277736 -0.609244  ]
 [ 0.389868    0.0864771  -0.177341  ]]
Ours
[[ 0.4734209  -0.34762598 -0.63535842]
 [-0.59256623  0.30815289 -0.64358593]
 [-0.15186964 -0.00972105  0.41776248]
 [ 0.0126805   0.25056034  0.65845394]
 [-0.53856247  0.49620633 -0.51194582]
 [-0.53856247  0.2011953   0.66647224]
 [ 0.64214498 -0.0291749  -0.24043809]
 [-0.11895961 -0.42052711 -0.42967075]
 [ 0.62974353 -0.00778624  0.26966735]
 [ 0.5968335  -0.07031244  0.67258529]]
Theirs
[[ 0.42551843 -0.59752891 -0.03995693]
 [ 0.61610514  0.33792608 -0.58232099]
 [ 0.33118684  0.10947845 -0.17355074]
 [-0.54976014  0.07851419  0.00725149]
 [ 0.15824558  0.33006512 -0.6241788 ]
 [-0.19200917  0.24359449 -0.46440649]
 [-0.21121984 -0.58010721 -0.22071654]
 [ 0.28402104 -0.2618846  -0.61376485]
 [-0.0650439   0.48728444  0.55751913]
 [ 0.32332587  0.45584058 -0.63637953]]
--------------------------------------------------------------------------------
FSCORE
Threshold(%)	1.0	2.0	5.0	10.0	20.0	
--------------------------------------------------------------------------------
OURS        	0.012	0.084	0.495	0.918	1.000	
THEIRS      	0.024	0.172	0.761	0.950	0.994	
--------------------------------------------------------------------------------
Our Distances:
Chamfer Distance      : 26.988250
Earth Mover's Distance: 240.269610
--------------------------------------------------------------------------------
Their Distances:
Chamfer Distance      : 17.946620
Earth Mover's Distance: 217.400865
--------------------------------------------------------------------------------
OURS shape
(147556, 3)
(295108, 3)
HTML Rendering: OURS_LOCALONLY_1150
done.
