0100

--------------------------------------------------------------------------------
FSCORE
Threshold(%)	1.0	2.0	5.0	10.0	20.0	
--------------------------------------------------------------------------------
OURS        	0.015	0.114	0.419	0.741	0.990	
THEIRS      	0.025	0.202	0.829	0.994	1.000	
--------------------------------------------------------------------------------
Our Distances:
Chamfer Distance      : 58.057076
Earth Mover's Distance: 359.042137
--------------------------------------------------------------------------------
Their Distances:
Chamfer Distance      : 12.247636
Earth Mover's Distance: 181.483866
--------------------------------------------------------------------------------
GT shape
(175022, 3)
(350048, 3)
OURS shape
(127804, 3)
(255094, 3)
THEIRS shape
(107542, 3)
(215088, 3)
HTML Rendering: GT_0100
HTML Rendering: OURS_0100
HTML Rendering: THEIRS_0100
done.

0201
--------------------------------------------------------------------------------
FSCORE
Threshold(%)	1.0	2.0	5.0	10.0	20.0	
--------------------------------------------------------------------------------
OURS        	0.007	0.066	0.380	0.702	0.973	
THEIRS      	0.012	0.109	0.768	0.977	0.997	
--------------------------------------------------------------------------------
Our Distances:
Chamfer Distance      : 66.436604
Earth Mover's Distance: 382.250271
--------------------------------------------------------------------------------
Their Distances:
Chamfer Distance      : 18.196301
Earth Mover's Distance: 212.435476
--------------------------------------------------------------------------------
GT shape
(181510, 3)
(363020, 3)
OURS shape
(134589, 3)
(268992, 3)
THEIRS shape
(102720, 3)
(205440, 3)
HTML Rendering: GT_0201
HTML Rendering: OURS_0201
HTML Rendering: THEIRS_0201
done.



0300
--------------------------------------------------------------------------------
FSCORE
Threshold(%)	1.0	2.0	5.0	10.0	20.0	
--------------------------------------------------------------------------------
OURS        	0.010	0.071	0.383	0.685	0.918	
THEIRS      	0.104	0.506	0.989	1.000	1.000	
--------------------------------------------------------------------------------
Our Distances:
Chamfer Distance      : 97.506779
Earth Mover's Distance: 426.632539
--------------------------------------------------------------------------------
Their Distances:
Chamfer Distance      : 4.253086
Earth Mover's Distance: 149.535536
--------------------------------------------------------------------------------
GT shape
(148072, 3)
(296152, 3)
OURS shape
(113160, 3)
(225342, 3)
THEIRS shape
(95396, 3)
(190800, 3)
HTML Rendering: GT_0300
HTML Rendering: OURS_0300
HTML Rendering: THEIRS_0300
done.

0400
--------------------------------------------------------------------------------
FSCORE
Threshold(%)	1.0	2.0	5.0	10.0	20.0	
--------------------------------------------------------------------------------
OURS        	0.006	0.038	0.219	0.657	0.969	
THEIRS      	0.022	0.147	0.793	0.985	1.000	
--------------------------------------------------------------------------------
Our Distances:
Chamfer Distance      : 80.751759
Earth Mover's Distance: 402.956381
--------------------------------------------------------------------------------
Their Distances:
Chamfer Distance      : 15.219969
Earth Mover's Distance: 231.477482
--------------------------------------------------------------------------------
GT shape
(235830, 3)
(471660, 3)
OURS shape
(143601, 3)
(286770, 3)
THEIRS shape
(137710, 3)
(275416, 3)
HTML Rendering: GT_0400
HTML Rendering: OURS_0400
HTML Rendering: THEIRS_0400
done.

0500

FSCORE
Threshold(%)	1.0	2.0	5.0	10.0	20.0	
--------------------------------------------------------------------------------
OURS        	0.004	0.047	0.297	0.685	0.889	
THEIRS      	0.026	0.169	0.679	0.990	1.000	
--------------------------------------------------------------------------------
Our Distances:
Chamfer Distance      : 123.534971
Earth Mover's Distance: 466.111114
--------------------------------------------------------------------------------
Their Distances:
Chamfer Distance      : 17.604718
Earth Mover's Distance: 203.663002
--------------------------------------------------------------------------------
GT shape
(227424, 3)
(454856, 3)
OURS shape
(152687, 3)
(304300, 3)
THEIRS shape
(105188, 3)
(210368, 3)
HTML Rendering: GT_0500
HTML Rendering: OURS_0500
HTML Rendering: THEIRS_0500
done.
0550

--------------------------------------------------------------------------------
FSCORE
Threshold(%)	1.0	2.0	5.0	10.0	20.0	
--------------------------------------------------------------------------------
OURS        	0.028	0.158	0.566	0.811	0.945	
THEIRS      	0.031	0.238	0.940	1.000	1.000	
--------------------------------------------------------------------------------
Our Distances:
Chamfer Distance      : 74.417601
Earth Mover's Distance: 364.840255
--------------------------------------------------------------------------------
Their Distances:
Chamfer Distance      : 8.212098
Earth Mover's Distance: 150.380427
--------------------------------------------------------------------------------
GT shape
(141204, 3)
(282404, 3)
OURS shape
(105104, 3)
(209852, 3)
THEIRS shape
(101594, 3)
(203180, 3)
HTML Rendering: GT_0550
HTML Rendering: OURS_0550
HTML Rendering: THEIRS_0550
done.

1150

--------------------------------------------------------------------------------
FSCORE
Threshold(%)	1.0	2.0	5.0	10.0	20.0	
--------------------------------------------------------------------------------
OURS        	0.012	0.045	0.308	0.642	0.991	
THEIRS      	0.022	0.161	0.767	0.962	0.996	
--------------------------------------------------------------------------------
Our Distances:
Chamfer Distance      : 65.696531
Earth Mover's Distance: 379.865743
--------------------------------------------------------------------------------
Their Distances:
Chamfer Distance      : 20.192288
Earth Mover's Distance: 228.504941
--------------------------------------------------------------------------------
GT shape
(269918, 3)
(539836, 3)
OURS shape
(153652, 3)
(307008, 3)
THEIRS shape
(158680, 3)
(317352, 3)
HTML Rendering: GT_1150
HTML Rendering: OURS_1150
HTML Rendering: THEIRS_1150
done.
